  Chip8.cpp
c:\users\admin\desktop\chip8_emulator\chip8\chip8.cpp(40): warning C4244: '引數': 將 'time_t' 轉換為 'unsigned int'，由於類型不同，可能導致資料遺失
  Source.cpp
c:\users\admin\desktop\chip8_emulator\chip8\source.cpp(41): warning C4244: '引數': 將 'double' 轉換為 'GLfloat'，由於類型不同，可能導致資料遺失
c:\users\admin\desktop\chip8_emulator\chip8\source.cpp(42): warning C4244: '引數': 將 'double' 轉換為 'GLfloat'，由於類型不同，可能導致資料遺失
c:\users\admin\desktop\chip8_emulator\chip8\source.cpp(43): warning C4244: '引數': 將 'double' 轉換為 'GLfloat'，由於類型不同，可能導致資料遺失
c:\users\admin\desktop\chip8_emulator\chip8\source.cpp(44): warning C4244: '引數': 將 'double' 轉換為 'GLfloat'，由於類型不同，可能導致資料遺失
  正在產生程式碼...
Source.obj : error LNK2019: 無法解析的外部符號 __imp_glutInitWindowPosition 在函式 main 中被參考
Source.obj : error LNK2019: 無法解析的外部符號 __imp_glutInitWindowSize 在函式 main 中被參考
Source.obj : error LNK2019: 無法解析的外部符號 __imp_glutInitDisplayMode 在函式 main 中被參考
Source.obj : error LNK2019: 無法解析的外部符號 __imp_glutMainLoop 在函式 main 中被參考
Source.obj : error LNK2019: 無法解析的外部符號 __imp_glutSwapBuffers 在函式 "void __cdecl OpenGLrender(void)" (?OpenGLrender@@YAXXZ) 中被參考
Source.obj : error LNK2019: 無法解析的外部符號 __imp_glutIdleFunc 在函式 main 中被參考
Source.obj : error LNK2019: 無法解析的外部符號 __imp_glutKeyboardFunc 在函式 main 中被參考
Source.obj : error LNK2019: 無法解析的外部符號 __imp_glutDisplayFunc 在函式 main 中被參考
Source.obj : error LNK2019: 無法解析的外部符號 __imp_glutKeyboardUpFunc 在函式 main 中被參考
Source.obj : error LNK2019: 無法解析的外部符號 __imp___glutInitWithExit 在函式 glutInit_ATEXIT_HACK 中被參考
Source.obj : error LNK2019: 無法解析的外部符號 __imp___glutCreateWindowWithExit 在函式 glutCreateWindow_ATEXIT_HACK 中被參考
C:\Users\Admin\Desktop\Chip8_Emulator\Chip8\freeglut\lib\freeglut.lib : warning LNK4272: 程式庫電腦類型 'x86' 與目標電腦類型 'x64' 發生衝突
C:\Users\Admin\Desktop\Chip8_Emulator\x64\Debug\Chip8.exe : fatal error LNK1120: 11 個無法解析的外部符號
